{"C:\\Users\\sonaik\\Desktop\\2020_Official\\ABN-AMRO\\TV_Shows\\src\\App.vue": {"path":"C:\\Users\\sonaik\\Desktop\\2020_Official\\ABN-AMRO\\TV_Shows\\src\\App.vue","statementMap":{"0":{"start":{"line":18,"column":0},"end":{"line":18,"column":null}},"1":{"start":{"line":26,"column":0},"end":{"line":26,"column":null}}},"fnMap":{"0":{"name":"(anonymous_1)","decl":{"start":{"line":25,"column":0},"end":{"line":25,"column":null}},"loc":{"start":{"line":25,"column":0},"end":{"line":38,"column":null}}}},"branchMap":{},"s":{"0":1,"1":4},"f":{"0":4},"b":{}}
,"C:\\Users\\sonaik\\Desktop\\2020_Official\\ABN-AMRO\\TV_Shows\\src\\components\\index.js": {"path":"C:\\Users\\sonaik\\Desktop\\2020_Official\\ABN-AMRO\\TV_Shows\\src\\components\\index.js","statementMap":{},"fnMap":{},"branchMap":{},"s":{},"f":{},"b":{},"_coverageSchema":"43e27e138ebf9cfc5966b082cf9a028302ed4184","hash":"2fb9be4d1c17c47d226a833e6cd430add6c437d8"}
,"C:\\Users\\sonaik\\Desktop\\2020_Official\\ABN-AMRO\\TV_Shows\\src\\components\\header\\header.vue": {"path":"C:\\Users\\sonaik\\Desktop\\2020_Official\\ABN-AMRO\\TV_Shows\\src\\components\\header\\header.vue","statementMap":{"0":{"start":{"line":72,"column":0},"end":{"line":72,"column":null}}},"fnMap":{"0":{"name":"(anonymous_1)","decl":{"start":{"line":69,"column":0},"end":{"line":69,"column":null}},"loc":{"start":{"line":69,"column":0},"end":{"line":69,"column":null}}},"1":{"name":"(anonymous_2)","decl":{"start":{"line":71,"column":0},"end":{"line":71,"column":null}},"loc":{"start":{"line":71,"column":0},"end":{"line":75,"column":null}}}},"branchMap":{},"s":{"0":1},"f":{"0":0,"1":1},"b":{}}
,"C:\\Users\\sonaik\\Desktop\\2020_Official\\ABN-AMRO\\TV_Shows\\src\\router\\index.js": {"path":"C:\\Users\\sonaik\\Desktop\\2020_Official\\ABN-AMRO\\TV_Shows\\src\\router\\index.js","statementMap":{"0":{"start":{"line":5,"column":0},"end":{"line":5,"column":19}},"1":{"start":{"line":7,"column":15},"end":{"line":22,"column":1}},"2":{"start":{"line":20,"column":21},"end":{"line":20,"column":54}},"3":{"start":{"line":24,"column":15},"end":{"line":28,"column":2}}},"fnMap":{"0":{"name":"(anonymous_0)","decl":{"start":{"line":20,"column":15},"end":{"line":20,"column":16}},"loc":{"start":{"line":20,"column":21},"end":{"line":20,"column":54}},"line":20}},"branchMap":{},"s":{"0":3,"1":3,"2":0,"3":3},"f":{"0":0},"b":{},"_coverageSchema":"43e27e138ebf9cfc5966b082cf9a028302ed4184","hash":"3342db7973a5290880ba2a31cf7757384db1ee75"}
,"C:\\Users\\sonaik\\Desktop\\2020_Official\\ABN-AMRO\\TV_Shows\\src\\services\\common\\http-client\\http-client.js": {"path":"C:\\Users\\sonaik\\Desktop\\2020_Official\\ABN-AMRO\\TV_Shows\\src\\services\\common\\http-client\\http-client.js","statementMap":{"0":{"start":{"line":3,"column":19},"end":{"line":3,"column":42}},"1":{"start":{"line":9,"column":15},"end":{"line":14,"column":1}},"2":{"start":{"line":22,"column":19},"end":{"line":22,"column":39}},"3":{"start":{"line":31,"column":24},"end":{"line":34,"column":1}},"4":{"start":{"line":33,"column":2},"end":{"line":33,"column":16}},"5":{"start":{"line":36,"column":26},"end":{"line":39,"column":1}},"6":{"start":{"line":38,"column":2},"end":{"line":38,"column":16}},"7":{"start":{"line":42,"column":0},"end":{"line":42,"column":53}},"8":{"start":{"line":43,"column":0},"end":{"line":43,"column":55}},"9":{"start":{"line":46,"column":0},"end":{"line":54,"column":2}},"10":{"start":{"line":48,"column":4},"end":{"line":48,"column":20}},"11":{"start":{"line":52,"column":4},"end":{"line":52,"column":33}}},"fnMap":{"0":{"name":"(anonymous_0)","decl":{"start":{"line":31,"column":24},"end":{"line":31,"column":25}},"loc":{"start":{"line":31,"column":34},"end":{"line":34,"column":1}},"line":31},"1":{"name":"(anonymous_1)","decl":{"start":{"line":36,"column":26},"end":{"line":36,"column":27}},"loc":{"start":{"line":36,"column":36},"end":{"line":39,"column":1}},"line":36},"2":{"name":"(anonymous_2)","decl":{"start":{"line":47,"column":2},"end":{"line":47,"column":3}},"loc":{"start":{"line":47,"column":14},"end":{"line":49,"column":3}},"line":47},"3":{"name":"(anonymous_3)","decl":{"start":{"line":50,"column":2},"end":{"line":50,"column":3}},"loc":{"start":{"line":50,"column":11},"end":{"line":53,"column":3}},"line":50}},"branchMap":{},"s":{"0":4,"1":4,"2":4,"3":4,"4":3,"5":4,"6":3,"7":4,"8":4,"9":4,"10":0,"11":0},"f":{"0":3,"1":3,"2":0,"3":0},"b":{},"_coverageSchema":"43e27e138ebf9cfc5966b082cf9a028302ed4184","hash":"eff6af511c916274a795e8c7937afe85a2a95305"}
,"C:\\Users\\sonaik\\Desktop\\2020_Official\\ABN-AMRO\\TV_Shows\\src\\services\\image-gallery-data\\image-gallery-data.js": {"path":"C:\\Users\\sonaik\\Desktop\\2020_Official\\ABN-AMRO\\TV_Shows\\src\\services\\image-gallery-data\\image-gallery-data.js","statementMap":{"0":{"start":{"line":3,"column":22},"end":{"line":5,"column":1}},"1":{"start":{"line":4,"column":2},"end":{"line":4,"column":56}},"2":{"start":{"line":4,"column":46},"end":{"line":4,"column":54}},"3":{"start":{"line":7,"column":25},"end":{"line":11,"column":1}},"4":{"start":{"line":8,"column":2},"end":{"line":10,"column":27}},"5":{"start":{"line":10,"column":17},"end":{"line":10,"column":25}},"6":{"start":{"line":13,"column":19},"end":{"line":15,"column":1}},"7":{"start":{"line":14,"column":2},"end":{"line":14,"column":64}},"8":{"start":{"line":14,"column":46},"end":{"line":14,"column":62}},"9":{"start":{"line":17,"column":27},"end":{"line":21,"column":1}},"10":{"start":{"line":18,"column":2},"end":{"line":20,"column":27}},"11":{"start":{"line":20,"column":17},"end":{"line":20,"column":25}}},"fnMap":{"0":{"name":"(anonymous_0)","decl":{"start":{"line":3,"column":22},"end":{"line":3,"column":23}},"loc":{"start":{"line":3,"column":28},"end":{"line":5,"column":1}},"line":3},"1":{"name":"(anonymous_1)","decl":{"start":{"line":4,"column":39},"end":{"line":4,"column":40}},"loc":{"start":{"line":4,"column":46},"end":{"line":4,"column":54}},"line":4},"2":{"name":"(anonymous_2)","decl":{"start":{"line":7,"column":25},"end":{"line":7,"column":26}},"loc":{"start":{"line":7,"column":36},"end":{"line":11,"column":1}},"line":7},"3":{"name":"(anonymous_3)","decl":{"start":{"line":10,"column":10},"end":{"line":10,"column":11}},"loc":{"start":{"line":10,"column":17},"end":{"line":10,"column":25}},"line":10},"4":{"name":"(anonymous_4)","decl":{"start":{"line":13,"column":19},"end":{"line":13,"column":20}},"loc":{"start":{"line":13,"column":25},"end":{"line":15,"column":1}},"line":13},"5":{"name":"(anonymous_5)","decl":{"start":{"line":14,"column":39},"end":{"line":14,"column":40}},"loc":{"start":{"line":14,"column":46},"end":{"line":14,"column":62}},"line":14},"6":{"name":"(anonymous_6)","decl":{"start":{"line":17,"column":27},"end":{"line":17,"column":28}},"loc":{"start":{"line":17,"column":38},"end":{"line":21,"column":1}},"line":17},"7":{"name":"(anonymous_7)","decl":{"start":{"line":20,"column":10},"end":{"line":20,"column":11}},"loc":{"start":{"line":20,"column":17},"end":{"line":20,"column":25}},"line":20}},"branchMap":{},"s":{"0":4,"1":0,"2":0,"3":4,"4":3,"5":0,"6":4,"7":0,"8":0,"9":4,"10":0,"11":0},"f":{"0":0,"1":0,"2":3,"3":0,"4":0,"5":0,"6":0,"7":0},"b":{},"_coverageSchema":"43e27e138ebf9cfc5966b082cf9a028302ed4184","hash":"6b74bdf8dde2f60c8859a2fa20bd4db776cc0b7b"}
,"C:\\Users\\sonaik\\Desktop\\2020_Official\\ABN-AMRO\\TV_Shows\\src\\views\\GalleryList.vue": {"path":"C:\\Users\\sonaik\\Desktop\\2020_Official\\ABN-AMRO\\TV_Shows\\src\\views\\GalleryList.vue","statementMap":{"0":{"start":{"line":79,"column":0},"end":{"line":79,"column":null}},"1":{"start":{"line":83,"column":0},"end":{"line":83,"column":null}},"2":{"start":{"line":90,"column":0},"end":{"line":90,"column":null}},"3":{"start":{"line":109,"column":0},"end":{"line":111,"column":null}},"4":{"start":{"line":110,"column":0},"end":{"line":110,"column":null}},"5":{"start":{"line":112,"column":0},"end":{"line":115,"column":null}},"6":{"start":{"line":113,"column":0},"end":{"line":113,"column":null}},"7":{"start":{"line":114,"column":0},"end":{"line":114,"column":null}},"8":{"start":{"line":119,"column":0},"end":{"line":121,"column":null}},"9":{"start":{"line":120,"column":0},"end":{"line":120,"column":null}},"10":{"start":{"line":122,"column":0},"end":{"line":126,"column":null}},"11":{"start":{"line":123,"column":0},"end":{"line":123,"column":null}},"12":{"start":{"line":124,"column":0},"end":{"line":124,"column":null}},"13":{"start":{"line":125,"column":0},"end":{"line":125,"column":null}},"14":{"start":{"line":130,"column":0},"end":{"line":137,"column":null}},"15":{"start":{"line":131,"column":0},"end":{"line":131,"column":null}},"16":{"start":{"line":132,"column":0},"end":{"line":132,"column":null}},"17":{"start":{"line":133,"column":0},"end":{"line":133,"column":null}},"18":{"start":{"line":134,"column":0},"end":{"line":134,"column":null}},"19":{"start":{"line":136,"column":0},"end":{"line":136,"column":null}},"20":{"start":{"line":141,"column":0},"end":{"line":141,"column":null}}},"fnMap":{"0":{"name":"(anonymous_1)","decl":{"start":{"line":89,"column":0},"end":{"line":89,"column":null}},"loc":{"start":{"line":89,"column":0},"end":{"line":107,"column":null}}},"1":{"name":"(anonymous_2)","decl":{"start":{"line":108,"column":0},"end":{"line":108,"column":null}},"loc":{"start":{"line":108,"column":0},"end":{"line":116,"column":null}}},"2":{"name":"(anonymous_3)","decl":{"start":{"line":109,"column":0},"end":{"line":109,"column":null}},"loc":{"start":{"line":109,"column":0},"end":{"line":111,"column":null}}},"3":{"name":"(anonymous_4)","decl":{"start":{"line":118,"column":0},"end":{"line":118,"column":null}},"loc":{"start":{"line":118,"column":0},"end":{"line":127,"column":null}}},"4":{"name":"(anonymous_5)","decl":{"start":{"line":119,"column":0},"end":{"line":119,"column":null}},"loc":{"start":{"line":119,"column":0},"end":{"line":121,"column":null}}},"5":{"name":"(anonymous_6)","decl":{"start":{"line":129,"column":0},"end":{"line":129,"column":null}},"loc":{"start":{"line":129,"column":0},"end":{"line":138,"column":null}}},"6":{"name":"(anonymous_7)","decl":{"start":{"line":130,"column":0},"end":{"line":130,"column":null}},"loc":{"start":{"line":130,"column":0},"end":{"line":135,"column":null}}},"7":{"name":"(anonymous_8)","decl":{"start":{"line":135,"column":0},"end":{"line":135,"column":null}},"loc":{"start":{"line":135,"column":0},"end":{"line":137,"column":null}}},"8":{"name":"(anonymous_9)","decl":{"start":{"line":140,"column":0},"end":{"line":140,"column":null}},"loc":{"start":{"line":140,"column":0},"end":{"line":142,"column":null}}},"9":{"name":"(anonymous_10)","decl":{"start":{"line":144,"column":0},"end":{"line":144,"column":null}},"loc":{"start":{"line":144,"column":0},"end":{"line":144,"column":null}}}},"branchMap":{"0":{"loc":{"start":{"line":112,"column":0},"end":{"line":115,"column":null}},"type":"if","locations":[{"start":{"line":112,"column":0},"end":{"line":115,"column":null}},{"start":{"line":112,"column":0},"end":{"line":115,"column":null}}]},"1":{"loc":{"start":{"line":122,"column":0},"end":{"line":126,"column":null}},"type":"if","locations":[{"start":{"line":122,"column":0},"end":{"line":126,"column":null}},{"start":{"line":122,"column":0},"end":{"line":126,"column":null}}]}},"s":{"0":1,"1":1,"2":2,"3":2,"4":0,"5":0,"6":0,"7":0,"8":0,"9":0,"10":0,"11":0,"12":0,"13":0,"14":0,"15":0,"16":0,"17":0,"18":0,"19":0,"20":0},"f":{"0":2,"1":2,"2":0,"3":0,"4":0,"5":0,"6":0,"7":0,"8":0,"9":0},"b":{"0":[0,0],"1":[0,0]}}
,"C:\\Users\\sonaik\\Desktop\\2020_Official\\ABN-AMRO\\TV_Shows\\src\\views\\Home.vue": {"path":"C:\\Users\\sonaik\\Desktop\\2020_Official\\ABN-AMRO\\TV_Shows\\src\\views\\Home.vue","statementMap":{"0":{"start":{"line":32,"column":0},"end":{"line":32,"column":null}},"1":{"start":{"line":39,"column":0},"end":{"line":39,"column":null}},"2":{"start":{"line":51,"column":0},"end":{"line":53,"column":null}},"3":{"start":{"line":52,"column":0},"end":{"line":52,"column":null}},"4":{"start":{"line":54,"column":0},"end":{"line":58,"column":null}},"5":{"start":{"line":55,"column":0},"end":{"line":55,"column":null}},"6":{"start":{"line":56,"column":0},"end":{"line":56,"column":null}},"7":{"start":{"line":57,"column":0},"end":{"line":57,"column":null}},"8":{"start":{"line":62,"column":0},"end":{"line":62,"column":null}}},"fnMap":{"0":{"name":"(anonymous_1)","decl":{"start":{"line":38,"column":0},"end":{"line":38,"column":null}},"loc":{"start":{"line":38,"column":0},"end":{"line":44,"column":null}}},"1":{"name":"(anonymous_2)","decl":{"start":{"line":50,"column":0},"end":{"line":50,"column":null}},"loc":{"start":{"line":50,"column":0},"end":{"line":59,"column":null}}},"2":{"name":"(anonymous_3)","decl":{"start":{"line":51,"column":0},"end":{"line":51,"column":null}},"loc":{"start":{"line":51,"column":0},"end":{"line":53,"column":null}}},"3":{"name":"(anonymous_4)","decl":{"start":{"line":61,"column":0},"end":{"line":61,"column":null}},"loc":{"start":{"line":61,"column":0},"end":{"line":63,"column":null}}}},"branchMap":{"0":{"loc":{"start":{"line":54,"column":0},"end":{"line":58,"column":null}},"type":"if","locations":[{"start":{"line":54,"column":0},"end":{"line":58,"column":null}},{"start":{"line":54,"column":0},"end":{"line":58,"column":null}}]}},"s":{"0":4,"1":3,"2":3,"3":0,"4":0,"5":0,"6":0,"7":0,"8":1},"f":{"0":3,"1":3,"2":0,"3":1},"b":{"0":[0,0]}}
}
