{"C:\\Users\\sonaik\\Desktop\\2020_Official\\ABN-AMRO\\sample-assessment\\src\\App.vue": {"path":"C:\\Users\\sonaik\\Desktop\\2020_Official\\ABN-AMRO\\sample-assessment\\src\\App.vue","statementMap":{"0":{"start":{"line":18,"column":0},"end":{"line":18,"column":null}},"1":{"start":{"line":26,"column":0},"end":{"line":26,"column":null}}},"fnMap":{"0":{"name":"(anonymous_1)","decl":{"start":{"line":25,"column":0},"end":{"line":25,"column":null}},"loc":{"start":{"line":25,"column":0},"end":{"line":42,"column":null}}}},"branchMap":{},"s":{"0":1,"1":4},"f":{"0":4},"b":{}}
,"C:\\Users\\sonaik\\Desktop\\2020_Official\\ABN-AMRO\\sample-assessment\\src\\components\\index.js": {"path":"C:\\Users\\sonaik\\Desktop\\2020_Official\\ABN-AMRO\\sample-assessment\\src\\components\\index.js","statementMap":{},"fnMap":{},"branchMap":{},"s":{},"f":{},"b":{},"_coverageSchema":"43e27e138ebf9cfc5966b082cf9a028302ed4184","hash":"85dd52cf7cd8b72540a92ac3b4b4ba12acd39cef"}
,"C:\\Users\\sonaik\\Desktop\\2020_Official\\ABN-AMRO\\sample-assessment\\src\\components\\cards\\cards.vue": {"path":"C:\\Users\\sonaik\\Desktop\\2020_Official\\ABN-AMRO\\sample-assessment\\src\\components\\cards\\cards.vue","statementMap":{"0":{"start":{"line":51,"column":0},"end":{"line":51,"column":null}},"1":{"start":{"line":54,"column":0},"end":{"line":54,"column":null}},"2":{"start":{"line":55,"column":0},"end":{"line":55,"column":null}},"3":{"start":{"line":56,"column":0},"end":{"line":56,"column":null}},"4":{"start":{"line":57,"column":0},"end":{"line":57,"column":null}},"5":{"start":{"line":58,"column":0},"end":{"line":58,"column":null}},"6":{"start":{"line":59,"column":0},"end":{"line":59,"column":null}},"7":{"start":{"line":62,"column":0},"end":{"line":68,"column":null}},"8":{"start":{"line":64,"column":0},"end":{"line":64,"column":null}},"9":{"start":{"line":67,"column":0},"end":{"line":67,"column":null}}},"fnMap":{"0":{"name":"(anonymous_1)","decl":{"start":{"line":50,"column":0},"end":{"line":50,"column":null}},"loc":{"start":{"line":50,"column":0},"end":{"line":52,"column":null}}},"1":{"name":"(anonymous_2)","decl":{"start":{"line":53,"column":0},"end":{"line":53,"column":null}},"loc":{"start":{"line":53,"column":0},"end":{"line":60,"column":null}}},"2":{"name":"(anonymous_3)","decl":{"start":{"line":61,"column":0},"end":{"line":61,"column":null}},"loc":{"start":{"line":61,"column":0},"end":{"line":69,"column":null}}},"3":{"name":"(anonymous_4)","decl":{"start":{"line":62,"column":0},"end":{"line":62,"column":null}},"loc":{"start":{"line":62,"column":0},"end":{"line":65,"column":null}}},"4":{"name":"(anonymous_5)","decl":{"start":{"line":65,"column":0},"end":{"line":65,"column":null}},"loc":{"start":{"line":65,"column":0},"end":{"line":68,"column":null}}}},"branchMap":{},"s":{"0":0,"1":0,"2":0,"3":0,"4":0,"5":0,"6":0,"7":0,"8":0,"9":0},"f":{"0":0,"1":0,"2":0,"3":0,"4":0},"b":{}}
,"C:\\Users\\sonaik\\Desktop\\2020_Official\\ABN-AMRO\\sample-assessment\\src\\components\\header\\header.vue": {"path":"C:\\Users\\sonaik\\Desktop\\2020_Official\\ABN-AMRO\\sample-assessment\\src\\components\\header\\header.vue","statementMap":{"0":{"start":{"line":72,"column":0},"end":{"line":72,"column":null}}},"fnMap":{"0":{"name":"(anonymous_1)","decl":{"start":{"line":69,"column":0},"end":{"line":69,"column":null}},"loc":{"start":{"line":69,"column":0},"end":{"line":69,"column":null}}},"1":{"name":"(anonymous_2)","decl":{"start":{"line":71,"column":0},"end":{"line":71,"column":null}},"loc":{"start":{"line":71,"column":0},"end":{"line":75,"column":null}}}},"branchMap":{},"s":{"0":1},"f":{"0":0,"1":1},"b":{}}
,"C:\\Users\\sonaik\\Desktop\\2020_Official\\ABN-AMRO\\sample-assessment\\src\\router\\index.js": {"path":"C:\\Users\\sonaik\\Desktop\\2020_Official\\ABN-AMRO\\sample-assessment\\src\\router\\index.js","statementMap":{"0":{"start":{"line":5,"column":0},"end":{"line":5,"column":19}},"1":{"start":{"line":7,"column":15},"end":{"line":18,"column":1}},"2":{"start":{"line":16,"column":21},"end":{"line":16,"column":54}},"3":{"start":{"line":20,"column":15},"end":{"line":24,"column":2}}},"fnMap":{"0":{"name":"(anonymous_0)","decl":{"start":{"line":16,"column":15},"end":{"line":16,"column":16}},"loc":{"start":{"line":16,"column":21},"end":{"line":16,"column":54}},"line":16}},"branchMap":{},"s":{"0":3,"1":3,"2":0,"3":3},"f":{"0":0},"b":{},"_coverageSchema":"43e27e138ebf9cfc5966b082cf9a028302ed4184","hash":"877162425dd177ac378697d789f1c9f8642909e9"}
,"C:\\Users\\sonaik\\Desktop\\2020_Official\\ABN-AMRO\\sample-assessment\\src\\services\\common\\http-client\\http-client.js": {"path":"C:\\Users\\sonaik\\Desktop\\2020_Official\\ABN-AMRO\\sample-assessment\\src\\services\\common\\http-client\\http-client.js","statementMap":{"0":{"start":{"line":3,"column":19},"end":{"line":3,"column":42}},"1":{"start":{"line":9,"column":15},"end":{"line":14,"column":1}},"2":{"start":{"line":22,"column":19},"end":{"line":22,"column":39}},"3":{"start":{"line":31,"column":24},"end":{"line":34,"column":1}},"4":{"start":{"line":33,"column":2},"end":{"line":33,"column":16}},"5":{"start":{"line":36,"column":26},"end":{"line":39,"column":1}},"6":{"start":{"line":38,"column":2},"end":{"line":38,"column":16}},"7":{"start":{"line":42,"column":0},"end":{"line":42,"column":53}},"8":{"start":{"line":43,"column":0},"end":{"line":43,"column":55}},"9":{"start":{"line":46,"column":0},"end":{"line":54,"column":2}},"10":{"start":{"line":48,"column":4},"end":{"line":48,"column":20}},"11":{"start":{"line":52,"column":4},"end":{"line":52,"column":33}}},"fnMap":{"0":{"name":"(anonymous_0)","decl":{"start":{"line":31,"column":24},"end":{"line":31,"column":25}},"loc":{"start":{"line":31,"column":34},"end":{"line":34,"column":1}},"line":31},"1":{"name":"(anonymous_1)","decl":{"start":{"line":36,"column":26},"end":{"line":36,"column":27}},"loc":{"start":{"line":36,"column":36},"end":{"line":39,"column":1}},"line":36},"2":{"name":"(anonymous_2)","decl":{"start":{"line":47,"column":2},"end":{"line":47,"column":3}},"loc":{"start":{"line":47,"column":14},"end":{"line":49,"column":3}},"line":47},"3":{"name":"(anonymous_3)","decl":{"start":{"line":50,"column":2},"end":{"line":50,"column":3}},"loc":{"start":{"line":50,"column":11},"end":{"line":53,"column":3}},"line":50}},"branchMap":{},"s":{"0":1,"1":1,"2":1,"3":1,"4":0,"5":1,"6":0,"7":1,"8":1,"9":1,"10":0,"11":0},"f":{"0":0,"1":0,"2":0,"3":0},"b":{},"_coverageSchema":"43e27e138ebf9cfc5966b082cf9a028302ed4184","hash":"e143279568f511d5175402067f817641710a17c3"}
,"C:\\Users\\sonaik\\Desktop\\2020_Official\\ABN-AMRO\\sample-assessment\\src\\services\\common\\image-gallery-data\\image-gallery-data.js": {"path":"C:\\Users\\sonaik\\Desktop\\2020_Official\\ABN-AMRO\\sample-assessment\\src\\services\\common\\image-gallery-data\\image-gallery-data.js","statementMap":{},"fnMap":{},"branchMap":{},"s":{},"f":{},"b":{},"hash":"e8d5aa4ead6291401c2aa131cb8b7256f1f61ca3"}
,"C:\\Users\\sonaik\\Desktop\\2020_Official\\ABN-AMRO\\sample-assessment\\src\\services\\image-gallery-data\\image-gallery-data.js": {"path":"C:\\Users\\sonaik\\Desktop\\2020_Official\\ABN-AMRO\\sample-assessment\\src\\services\\image-gallery-data\\image-gallery-data.js","statementMap":{"0":{"start":{"line":3,"column":23},"end":{"line":5,"column":1}},"1":{"start":{"line":4,"column":2},"end":{"line":4,"column":58}},"2":{"start":{"line":4,"column":48},"end":{"line":4,"column":56}},"3":{"start":{"line":7,"column":24},"end":{"line":11,"column":1}},"4":{"start":{"line":8,"column":2},"end":{"line":10,"column":27}},"5":{"start":{"line":10,"column":17},"end":{"line":10,"column":25}},"6":{"start":{"line":13,"column":33},"end":{"line":15,"column":1}},"7":{"start":{"line":14,"column":2},"end":{"line":14,"column":73}},"8":{"start":{"line":14,"column":55},"end":{"line":14,"column":71}},"9":{"start":{"line":17,"column":24},"end":{"line":21,"column":1}},"10":{"start":{"line":18,"column":2},"end":{"line":20,"column":27}},"11":{"start":{"line":20,"column":17},"end":{"line":20,"column":25}},"12":{"start":{"line":23,"column":28},"end":{"line":27,"column":1}},"13":{"start":{"line":24,"column":2},"end":{"line":26,"column":27}},"14":{"start":{"line":26,"column":17},"end":{"line":26,"column":25}}},"fnMap":{"0":{"name":"(anonymous_0)","decl":{"start":{"line":3,"column":23},"end":{"line":3,"column":24}},"loc":{"start":{"line":3,"column":29},"end":{"line":5,"column":1}},"line":3},"1":{"name":"(anonymous_1)","decl":{"start":{"line":4,"column":41},"end":{"line":4,"column":42}},"loc":{"start":{"line":4,"column":48},"end":{"line":4,"column":56}},"line":4},"2":{"name":"(anonymous_2)","decl":{"start":{"line":7,"column":24},"end":{"line":7,"column":25}},"loc":{"start":{"line":7,"column":48},"end":{"line":11,"column":1}},"line":7},"3":{"name":"(anonymous_3)","decl":{"start":{"line":10,"column":10},"end":{"line":10,"column":11}},"loc":{"start":{"line":10,"column":17},"end":{"line":10,"column":25}},"line":10},"4":{"name":"(anonymous_4)","decl":{"start":{"line":13,"column":33},"end":{"line":13,"column":34}},"loc":{"start":{"line":13,"column":39},"end":{"line":15,"column":1}},"line":13},"5":{"name":"(anonymous_5)","decl":{"start":{"line":14,"column":48},"end":{"line":14,"column":49}},"loc":{"start":{"line":14,"column":55},"end":{"line":14,"column":71}},"line":14},"6":{"name":"(anonymous_6)","decl":{"start":{"line":17,"column":24},"end":{"line":17,"column":25}},"loc":{"start":{"line":17,"column":43},"end":{"line":21,"column":1}},"line":17},"7":{"name":"(anonymous_7)","decl":{"start":{"line":20,"column":10},"end":{"line":20,"column":11}},"loc":{"start":{"line":20,"column":17},"end":{"line":20,"column":25}},"line":20},"8":{"name":"(anonymous_8)","decl":{"start":{"line":23,"column":28},"end":{"line":23,"column":29}},"loc":{"start":{"line":23,"column":47},"end":{"line":27,"column":1}},"line":23},"9":{"name":"(anonymous_9)","decl":{"start":{"line":26,"column":10},"end":{"line":26,"column":11}},"loc":{"start":{"line":26,"column":17},"end":{"line":26,"column":25}},"line":26}},"branchMap":{},"s":{"0":1,"1":0,"2":0,"3":1,"4":0,"5":0,"6":1,"7":0,"8":0,"9":1,"10":0,"11":0,"12":1,"13":0,"14":0},"f":{"0":0,"1":0,"2":0,"3":0,"4":0,"5":0,"6":0,"7":0,"8":0,"9":0},"b":{},"_coverageSchema":"43e27e138ebf9cfc5966b082cf9a028302ed4184","hash":"980cde0f4198cf792a5fbccd6b3200ed67b6e94d"}
,"C:\\Users\\sonaik\\Desktop\\2020_Official\\ABN-AMRO\\sample-assessment\\src\\views\\GalleryList.vue": {"path":"C:\\Users\\sonaik\\Desktop\\2020_Official\\ABN-AMRO\\sample-assessment\\src\\views\\GalleryList.vue","statementMap":{"0":{"start":{"line":40,"column":0},"end":{"line":40,"column":null}},"1":{"start":{"line":46,"column":0},"end":{"line":46,"column":null}},"2":{"start":{"line":53,"column":0},"end":{"line":53,"column":null}},"3":{"start":{"line":69,"column":0},"end":{"line":71,"column":null}},"4":{"start":{"line":70,"column":0},"end":{"line":70,"column":null}},"5":{"start":{"line":72,"column":0},"end":{"line":75,"column":null}},"6":{"start":{"line":73,"column":0},"end":{"line":73,"column":null}},"7":{"start":{"line":74,"column":0},"end":{"line":74,"column":null}},"8":{"start":{"line":79,"column":0},"end":{"line":82,"column":null}},"9":{"start":{"line":81,"column":0},"end":{"line":81,"column":null}},"10":{"start":{"line":84,"column":0},"end":{"line":86,"column":null}},"11":{"start":{"line":85,"column":0},"end":{"line":85,"column":null}},"12":{"start":{"line":89,"column":0},"end":{"line":91,"column":null}},"13":{"start":{"line":90,"column":0},"end":{"line":90,"column":null}},"14":{"start":{"line":92,"column":0},"end":{"line":120,"column":null}},"15":{"start":{"line":93,"column":0},"end":{"line":93,"column":null}},"16":{"start":{"line":94,"column":0},"end":{"line":94,"column":null}},"17":{"start":{"line":95,"column":0},"end":{"line":119,"column":null}},"18":{"start":{"line":96,"column":0},"end":{"line":118,"column":null}},"19":{"start":{"line":97,"column":0},"end":{"line":97,"column":null}},"20":{"start":{"line":98,"column":0},"end":{"line":103,"column":null}},"21":{"start":{"line":102,"column":0},"end":{"line":102,"column":null}},"22":{"start":{"line":104,"column":0},"end":{"line":106,"column":null}},"23":{"start":{"line":105,"column":0},"end":{"line":105,"column":null}},"24":{"start":{"line":108,"column":0},"end":{"line":108,"column":null}},"25":{"start":{"line":109,"column":0},"end":{"line":114,"column":null}},"26":{"start":{"line":113,"column":0},"end":{"line":113,"column":null}},"27":{"start":{"line":115,"column":0},"end":{"line":117,"column":null}},"28":{"start":{"line":116,"column":0},"end":{"line":116,"column":null}}},"fnMap":{"0":{"name":"(anonymous_1)","decl":{"start":{"line":52,"column":0},"end":{"line":52,"column":null}},"loc":{"start":{"line":52,"column":0},"end":{"line":67,"column":null}}},"1":{"name":"(anonymous_2)","decl":{"start":{"line":68,"column":0},"end":{"line":68,"column":null}},"loc":{"start":{"line":68,"column":0},"end":{"line":76,"column":null}}},"2":{"name":"(anonymous_3)","decl":{"start":{"line":69,"column":0},"end":{"line":69,"column":null}},"loc":{"start":{"line":69,"column":0},"end":{"line":71,"column":null}}},"3":{"name":"(anonymous_4)","decl":{"start":{"line":78,"column":0},"end":{"line":78,"column":null}},"loc":{"start":{"line":78,"column":0},"end":{"line":87,"column":null}}},"4":{"name":"(anonymous_5)","decl":{"start":{"line":79,"column":0},"end":{"line":79,"column":null}},"loc":{"start":{"line":79,"column":0},"end":{"line":82,"column":null}}},"5":{"name":"(anonymous_6)","decl":{"start":{"line":88,"column":0},"end":{"line":88,"column":null}},"loc":{"start":{"line":88,"column":0},"end":{"line":121,"column":null}}},"6":{"name":"(anonymous_7)","decl":{"start":{"line":89,"column":0},"end":{"line":89,"column":null}},"loc":{"start":{"line":89,"column":0},"end":{"line":91,"column":null}}},"7":{"name":"(anonymous_8)","decl":{"start":{"line":98,"column":0},"end":{"line":98,"column":null}},"loc":{"start":{"line":98,"column":0},"end":{"line":103,"column":null}}},"8":{"name":"(anonymous_9)","decl":{"start":{"line":109,"column":0},"end":{"line":109,"column":null}},"loc":{"start":{"line":109,"column":0},"end":{"line":114,"column":null}}},"9":{"name":"(anonymous_10)","decl":{"start":{"line":122,"column":0},"end":{"line":122,"column":null}},"loc":{"start":{"line":122,"column":0},"end":{"line":122,"column":null}}}},"branchMap":{"0":{"loc":{"start":{"line":72,"column":0},"end":{"line":75,"column":null}},"type":"if","locations":[{"start":{"line":72,"column":0},"end":{"line":75,"column":null}},{"start":{"line":72,"column":0},"end":{"line":75,"column":null}}]},"1":{"loc":{"start":{"line":84,"column":0},"end":{"line":86,"column":null}},"type":"if","locations":[{"start":{"line":84,"column":0},"end":{"line":86,"column":null}},{"start":{"line":84,"column":0},"end":{"line":86,"column":null}}]},"2":{"loc":{"start":{"line":92,"column":0},"end":{"line":120,"column":null}},"type":"if","locations":[{"start":{"line":92,"column":0},"end":{"line":120,"column":null}},{"start":{"line":92,"column":0},"end":{"line":120,"column":null}}]},"3":{"loc":{"start":{"line":95,"column":0},"end":{"line":119,"column":null}},"type":"if","locations":[{"start":{"line":95,"column":0},"end":{"line":119,"column":null}},{"start":{"line":95,"column":0},"end":{"line":119,"column":null}}]},"4":{"loc":{"start":{"line":96,"column":0},"end":{"line":118,"column":null}},"type":"if","locations":[{"start":{"line":96,"column":0},"end":{"line":118,"column":null}},{"start":{"line":96,"column":0},"end":{"line":118,"column":null}}]},"5":{"loc":{"start":{"line":104,"column":0},"end":{"line":106,"column":null}},"type":"if","locations":[{"start":{"line":104,"column":0},"end":{"line":106,"column":null}},{"start":{"line":104,"column":0},"end":{"line":106,"column":null}}]},"6":{"loc":{"start":{"line":115,"column":0},"end":{"line":117,"column":null}},"type":"if","locations":[{"start":{"line":115,"column":0},"end":{"line":117,"column":null}},{"start":{"line":115,"column":0},"end":{"line":117,"column":null}}]}},"s":{"0":1,"1":1,"2":2,"3":2,"4":0,"5":0,"6":0,"7":0,"8":0,"9":0,"10":0,"11":0,"12":0,"13":0,"14":0,"15":0,"16":0,"17":0,"18":0,"19":0,"20":0,"21":0,"22":0,"23":0,"24":0,"25":0,"26":0,"27":0,"28":0},"f":{"0":2,"1":2,"2":0,"3":0,"4":0,"5":0,"6":0,"7":0,"8":0,"9":0},"b":{"0":[0,0],"1":[0,0],"2":[0,0],"3":[0,0],"4":[0,0],"5":[0,0],"6":[0,0]}}
,"C:\\Users\\sonaik\\Desktop\\2020_Official\\ABN-AMRO\\sample-assessment\\src\\views\\Home.vue": {"path":"C:\\Users\\sonaik\\Desktop\\2020_Official\\ABN-AMRO\\sample-assessment\\src\\views\\Home.vue","statementMap":{"0":{"start":{"line":33,"column":0},"end":{"line":33,"column":null}},"1":{"start":{"line":39,"column":0},"end":{"line":39,"column":null}}},"fnMap":{"0":{"name":"(anonymous_1)","decl":{"start":{"line":32,"column":0},"end":{"line":32,"column":null}},"loc":{"start":{"line":32,"column":0},"end":{"line":36,"column":null}}},"1":{"name":"(anonymous_2)","decl":{"start":{"line":38,"column":0},"end":{"line":38,"column":null}},"loc":{"start":{"line":38,"column":0},"end":{"line":40,"column":null}}}},"branchMap":{},"s":{"0":3,"1":1},"f":{"0":3,"1":1},"b":{}}
}
