TN:
SF:C:\Users\sonaik\Desktop\2020_Official\ABN-AMRO\TV_Shows\src\App.vue
FN:25,(anonymous_1)
FNF:1
FNH:1
FNDA:4,(anonymous_1)
DA:18,1
DA:26,4
LF:2
LH:2
BRF:0
BRH:0
end_of_record
TN:
SF:C:\Users\sonaik\Desktop\2020_Official\ABN-AMRO\TV_Shows\src\components\index.js
FNF:0
FNH:0
LF:0
LH:0
BRF:0
BRH:0
end_of_record
TN:
SF:C:\Users\sonaik\Desktop\2020_Official\ABN-AMRO\TV_Shows\src\components\header\header.vue
FN:69,(anonymous_1)
FN:71,(anonymous_2)
FNF:2
FNH:1
FNDA:0,(anonymous_1)
FNDA:1,(anonymous_2)
DA:72,1
LF:1
LH:1
BRF:0
BRH:0
end_of_record
TN:
SF:C:\Users\sonaik\Desktop\2020_Official\ABN-AMRO\TV_Shows\src\router\index.js
FN:20,(anonymous_0)
FNF:1
FNH:0
FNDA:0,(anonymous_0)
DA:5,3
DA:7,3
DA:20,0
DA:24,3
LF:4
LH:3
BRF:0
BRH:0
end_of_record
TN:
SF:C:\Users\sonaik\Desktop\2020_Official\ABN-AMRO\TV_Shows\src\services\common\http-client\http-client.js
FN:31,(anonymous_0)
FN:36,(anonymous_1)
FN:47,(anonymous_2)
FN:50,(anonymous_3)
FNF:4
FNH:2
FNDA:3,(anonymous_0)
FNDA:3,(anonymous_1)
FNDA:0,(anonymous_2)
FNDA:0,(anonymous_3)
DA:3,4
DA:9,4
DA:22,4
DA:31,4
DA:33,3
DA:36,4
DA:38,3
DA:42,4
DA:43,4
DA:46,4
DA:48,0
DA:52,0
LF:12
LH:10
BRF:0
BRH:0
end_of_record
TN:
SF:C:\Users\sonaik\Desktop\2020_Official\ABN-AMRO\TV_Shows\src\services\image-gallery-data\image-gallery-data.js
FN:3,(anonymous_0)
FN:4,(anonymous_1)
FN:7,(anonymous_2)
FN:10,(anonymous_3)
FN:13,(anonymous_4)
FN:14,(anonymous_5)
FN:17,(anonymous_6)
FN:20,(anonymous_7)
FNF:8
FNH:1
FNDA:0,(anonymous_0)
FNDA:0,(anonymous_1)
FNDA:3,(anonymous_2)
FNDA:0,(anonymous_3)
FNDA:0,(anonymous_4)
FNDA:0,(anonymous_5)
FNDA:0,(anonymous_6)
FNDA:0,(anonymous_7)
DA:3,4
DA:4,0
DA:7,4
DA:8,3
DA:10,0
DA:13,4
DA:14,0
DA:17,4
DA:18,0
DA:20,0
LF:10
LH:5
BRF:0
BRH:0
end_of_record
TN:
SF:C:\Users\sonaik\Desktop\2020_Official\ABN-AMRO\TV_Shows\src\views\GalleryList.vue
FN:89,(anonymous_1)
FN:108,(anonymous_2)
FN:109,(anonymous_3)
FN:118,(anonymous_4)
FN:119,(anonymous_5)
FN:129,(anonymous_6)
FN:130,(anonymous_7)
FN:135,(anonymous_8)
FN:140,(anonymous_9)
FN:144,(anonymous_10)
FNF:10
FNH:2
FNDA:2,(anonymous_1)
FNDA:2,(anonymous_2)
FNDA:0,(anonymous_3)
FNDA:0,(anonymous_4)
FNDA:0,(anonymous_5)
FNDA:0,(anonymous_6)
FNDA:0,(anonymous_7)
FNDA:0,(anonymous_8)
FNDA:0,(anonymous_9)
FNDA:0,(anonymous_10)
DA:79,1
DA:83,1
DA:90,2
DA:109,2
DA:110,0
DA:112,0
DA:113,0
DA:114,0
DA:119,0
DA:120,0
DA:122,0
DA:123,0
DA:124,0
DA:125,0
DA:130,0
DA:131,0
DA:132,0
DA:133,0
DA:134,0
DA:136,0
DA:141,0
LF:21
LH:4
BRDA:112,0,0,0
BRDA:112,0,1,0
BRDA:122,1,0,0
BRDA:122,1,1,0
BRF:4
BRH:0
end_of_record
TN:
SF:C:\Users\sonaik\Desktop\2020_Official\ABN-AMRO\TV_Shows\src\views\Home.vue
FN:38,(anonymous_1)
FN:50,(anonymous_2)
FN:51,(anonymous_3)
FN:61,(anonymous_4)
FNF:4
FNH:3
FNDA:3,(anonymous_1)
FNDA:3,(anonymous_2)
FNDA:0,(anonymous_3)
FNDA:1,(anonymous_4)
DA:32,4
DA:39,3
DA:51,3
DA:52,0
DA:54,0
DA:55,0
DA:56,0
DA:57,0
DA:62,1
LF:9
LH:4
BRDA:54,0,0,0
BRDA:54,0,1,0
BRF:2
BRH:0
end_of_record
