TN:
SF:C:\Users\sonaik\Desktop\2020_Official\ABN-AMRO\sample-assessment\src\App.vue
FN:25,(anonymous_1)
FNF:1
FNH:1
FNDA:4,(anonymous_1)
DA:18,1
DA:26,4
LF:2
LH:2
BRF:0
BRH:0
end_of_record
TN:
SF:C:\Users\sonaik\Desktop\2020_Official\ABN-AMRO\sample-assessment\src\components\index.js
FNF:0
FNH:0
LF:0
LH:0
BRF:0
BRH:0
end_of_record
TN:
SF:C:\Users\sonaik\Desktop\2020_Official\ABN-AMRO\sample-assessment\src\components\cards\cards.vue
FN:50,(anonymous_1)
FN:53,(anonymous_2)
FN:61,(anonymous_3)
FN:62,(anonymous_4)
FN:65,(anonymous_5)
FNF:5
FNH:0
FNDA:0,(anonymous_1)
FNDA:0,(anonymous_2)
FNDA:0,(anonymous_3)
FNDA:0,(anonymous_4)
FNDA:0,(anonymous_5)
DA:51,0
DA:54,0
DA:55,0
DA:56,0
DA:57,0
DA:58,0
DA:59,0
DA:62,0
DA:64,0
DA:67,0
LF:10
LH:0
BRF:0
BRH:0
end_of_record
TN:
SF:C:\Users\sonaik\Desktop\2020_Official\ABN-AMRO\sample-assessment\src\components\header\header.vue
FN:69,(anonymous_1)
FN:71,(anonymous_2)
FNF:2
FNH:1
FNDA:0,(anonymous_1)
FNDA:1,(anonymous_2)
DA:72,1
LF:1
LH:1
BRF:0
BRH:0
end_of_record
TN:
SF:C:\Users\sonaik\Desktop\2020_Official\ABN-AMRO\sample-assessment\src\router\index.js
FN:16,(anonymous_0)
FNF:1
FNH:0
FNDA:0,(anonymous_0)
DA:5,3
DA:7,3
DA:16,0
DA:20,3
LF:4
LH:3
BRF:0
BRH:0
end_of_record
TN:
SF:C:\Users\sonaik\Desktop\2020_Official\ABN-AMRO\sample-assessment\src\services\common\http-client\http-client.js
FN:31,(anonymous_0)
FN:36,(anonymous_1)
FN:47,(anonymous_2)
FN:50,(anonymous_3)
FNF:4
FNH:0
FNDA:0,(anonymous_0)
FNDA:0,(anonymous_1)
FNDA:0,(anonymous_2)
FNDA:0,(anonymous_3)
DA:3,1
DA:9,1
DA:22,1
DA:31,1
DA:33,0
DA:36,1
DA:38,0
DA:42,1
DA:43,1
DA:46,1
DA:48,0
DA:52,0
LF:12
LH:8
BRF:0
BRH:0
end_of_record
TN:
SF:C:\Users\sonaik\Desktop\2020_Official\ABN-AMRO\sample-assessment\src\services\common\image-gallery-data\image-gallery-data.js
FNF:0
FNH:0
LF:0
LH:0
BRF:0
BRH:0
end_of_record
TN:
SF:C:\Users\sonaik\Desktop\2020_Official\ABN-AMRO\sample-assessment\src\services\image-gallery-data\image-gallery-data.js
FN:3,(anonymous_0)
FN:4,(anonymous_1)
FN:7,(anonymous_2)
FN:10,(anonymous_3)
FN:13,(anonymous_4)
FN:14,(anonymous_5)
FN:17,(anonymous_6)
FN:20,(anonymous_7)
FN:23,(anonymous_8)
FN:26,(anonymous_9)
FNF:10
FNH:0
FNDA:0,(anonymous_0)
FNDA:0,(anonymous_1)
FNDA:0,(anonymous_2)
FNDA:0,(anonymous_3)
FNDA:0,(anonymous_4)
FNDA:0,(anonymous_5)
FNDA:0,(anonymous_6)
FNDA:0,(anonymous_7)
FNDA:0,(anonymous_8)
FNDA:0,(anonymous_9)
DA:3,1
DA:4,0
DA:7,1
DA:8,0
DA:10,0
DA:13,1
DA:14,0
DA:17,1
DA:18,0
DA:20,0
DA:23,1
DA:24,0
DA:26,0
LF:13
LH:5
BRF:0
BRH:0
end_of_record
TN:
SF:C:\Users\sonaik\Desktop\2020_Official\ABN-AMRO\sample-assessment\src\views\GalleryList.vue
FN:52,(anonymous_1)
FN:68,(anonymous_2)
FN:69,(anonymous_3)
FN:78,(anonymous_4)
FN:79,(anonymous_5)
FN:88,(anonymous_6)
FN:89,(anonymous_7)
FN:98,(anonymous_8)
FN:109,(anonymous_9)
FN:122,(anonymous_10)
FNF:10
FNH:2
FNDA:2,(anonymous_1)
FNDA:2,(anonymous_2)
FNDA:0,(anonymous_3)
FNDA:0,(anonymous_4)
FNDA:0,(anonymous_5)
FNDA:0,(anonymous_6)
FNDA:0,(anonymous_7)
FNDA:0,(anonymous_8)
FNDA:0,(anonymous_9)
FNDA:0,(anonymous_10)
DA:40,1
DA:46,1
DA:53,2
DA:69,2
DA:70,0
DA:72,0
DA:73,0
DA:74,0
DA:79,0
DA:81,0
DA:84,0
DA:85,0
DA:89,0
DA:90,0
DA:92,0
DA:93,0
DA:94,0
DA:95,0
DA:96,0
DA:97,0
DA:98,0
DA:102,0
DA:104,0
DA:105,0
DA:108,0
DA:109,0
DA:113,0
DA:115,0
DA:116,0
LF:29
LH:4
BRDA:72,0,0,0
BRDA:72,0,1,0
BRDA:84,1,0,0
BRDA:84,1,1,0
BRDA:92,2,0,0
BRDA:92,2,1,0
BRDA:95,3,0,0
BRDA:95,3,1,0
BRDA:96,4,0,0
BRDA:96,4,1,0
BRDA:104,5,0,0
BRDA:104,5,1,0
BRDA:115,6,0,0
BRDA:115,6,1,0
BRF:14
BRH:0
end_of_record
TN:
SF:C:\Users\sonaik\Desktop\2020_Official\ABN-AMRO\sample-assessment\src\views\Home.vue
FN:32,(anonymous_1)
FN:38,(anonymous_2)
FNF:2
FNH:2
FNDA:3,(anonymous_1)
FNDA:1,(anonymous_2)
DA:33,3
DA:39,1
LF:2
LH:2
BRF:0
BRH:0
end_of_record
